<?xml version="1.0" encoding="UTF-8"?>
<testsuites>
  <testsuite name="" tests="1" assertions="1" errors="0" warnings="0" failures="0" skipped="0" time="0.003059">
    <testsuite name="Sintegra Test Suite" tests="1" assertions="1" errors="0" warnings="0" failures="0" skipped="0" time="0.003059">
      <testsuite name="IsmaelAdriano\PAFNFCe\Tests\D4Test" file="/home/ismaelc4/Projetos/paf-nfce-sc/src/tests/D4Test.php" tests="1" assertions="1" errors="0" warnings="0" failures="0" skipped="0" time="0.003059">
        <testcase name="testD4" class="IsmaelAdriano\PAFNFCe\Tests\D4Test" classname="IsmaelAdriano.PAFNFCe.Tests.D4Test" file="/home/ismaelc4/Projetos/paf-nfce-sc/src/tests/D4Test.php" line="11" assertions="1" time="0.003059"/>
      </testsuite>
    </testsuite>
  </testsuite>
</testsuites>
